Anonymous - January 29, 2020, 12:00 am
/login

Anonymous - January 29, 2020, 12:00 am
/login

Anonymous - January 29, 2020, 12:00 am
/login

Anonymous - January 29, 2020, 12:01 am
/login

Anonymous - January 29, 2020, 12:01 am
/login

Anonymous - January 29, 2020, 12:02 am
/login

Anonymous - January 29, 2020, 12:02 am
/ressources/css/style.

Anonymous - January 29, 2020, 12:02 am
/ressources/js/jquery-3.3.1.min.j

Anonymous - January 29, 2020, 12:02 am
/php-showcase-template/showcase/ressources/js/main.js

Anonymous - January 29, 2020, 12:02 am
/php-showcase-template/showcase/ressources/images/images.jpg

Anonymous - January 29, 2020, 12:02 am
/ressources/css/style.

Anonymous - January 29, 2020, 12:02 am
/ressources/images/images.jpg

Anonymous - January 29, 2020, 12:02 am
/register

Anonymous - January 29, 2020, 12:02 am
views/Auth/register.php

Anonymous - January 29, 2020, 12:02 am
/login

Anonymous - January 29, 2020, 12:02 am
/ressources/css/style.

Anonymous - January 29, 2020, 12:02 am
/ressources/js/jquery-3.3.1.min.j

Anonymous - January 29, 2020, 12:02 am
/ressources/images/images.jpg

Anonymous - January 29, 2020, 12:02 am
/ressources/js/main.j

Anonymous - January 29, 2020, 12:03 am
/login

Anonymous - January 29, 2020, 12:03 am
/login

Anonymous - January 29, 2020, 12:03 am
/login

Anonymous - January 29, 2020, 12:09 am
/user

Anonymous - January 29, 2020, 12:11 am
/user

Anonymous - January 29, 2020, 12:11 am
/user

Anonymous - January 29, 2020, 12:13 am
/user

Anonymous - January 29, 2020, 12:13 am
/user

Anonymous - January 29, 2020, 12:20 am
/user

Anonymous - January 29, 2020, 12:20 am
/user

Anonymous - January 29, 2020, 12:25 am
/user

Anonymous - January 29, 2020, 12:26 am
/user

Anonymous - January 29, 2020, 12:37 am
/

Anonymous - January 29, 2020, 12:37 am
login

Anonymous - January 29, 2020, 12:42 am
/

Anonymous - January 29, 2020, 1:35 am
/login

Anonymous - January 29, 2020, 1:35 am
/

Anonymous - January 29, 2020, 1:35 am
/login

Anonymous - January 29, 2020, 1:35 am
/login

Anonymous - January 29, 2020, 1:36 am
/login

Anonymous - January 29, 2020, 1:36 am
/login

Anonymous - January 29, 2020, 1:37 am
/login

Anonymous - January 29, 2020, 1:37 am
/login

Anonymous - January 29, 2020, 1:37 am
/login

Anonymous - January 29, 2020, 1:37 am
/login

Anonymous - January 29, 2020, 1:37 am
/login

Anonymous - January 29, 2020, 1:37 am
/login

Anonymous - January 29, 2020, 1:38 am
/login

Anonymous - January 29, 2020, 1:38 am
/login

Anonymous - January 29, 2020, 1:39 am
/

Anonymous - January 29, 2020, 1:42 am
/

Anonymous - January 29, 2020, 1:42 am
/login

Anonymous - January 29, 2020, 1:47 am
/login

Anonymous - January 29, 2020, 1:47 am
/

Anonymous - January 29, 2020, 1:48 am
/login

Anonymous - January 29, 2020, 1:49 am
/login

Anonymous - January 29, 2020, 1:49 am
/login

Anonymous - January 29, 2020, 1:49 am
/login

Anonymous - January 29, 2020, 1:50 am
/login

Anonymous - January 29, 2020, 1:50 am
/

Anonymous - January 29, 2020, 1:53 am
/

Anonymous - January 29, 2020, 1:54 am
/

Anonymous - January 29, 2020, 1:55 am
/

Anonymous - January 29, 2020, 1:56 am
/

Anonymous - January 29, 2020, 1:57 am
/

Anonymous - January 29, 2020, 1:57 am
/

Anonymous - January 29, 2020, 1:57 am
/

Anonymous - January 29, 2020, 1:58 am
/

Anonymous - January 29, 2020, 1:58 am
/

Anonymous - January 29, 2020, 1:58 am
/

Anonymous - January 29, 2020, 1:58 am
/

Anonymous - January 29, 2020, 1:58 am
/

Anonymous - January 29, 2020, 1:59 am
/

Anonymous - January 29, 2020, 1:59 am
/

Anonymous - January 29, 2020, 1:59 am
/

Anonymous - January 29, 2020, 1:59 am
/

Anonymous - January 29, 2020, 1:59 am
/

Anonymous - January 29, 2020, 1:59 am
/

Anonymous - January 29, 2020, 1:59 am
/

Anonymous - January 29, 2020, 2:01 am
/

Anonymous - January 29, 2020, 2:07 am
/

Anonymous - January 29, 2020, 2:08 am
/

Anonymous - January 29, 2020, 2:09 am
/

Anonymous - January 29, 2020, 2:09 am
/

Anonymous - January 29, 2020, 2:09 am
/

Anonymous - January 29, 2020, 2:10 am
/

Anonymous - January 29, 2020, 2:10 am
/

Anonymous - January 29, 2020, 2:11 am
/

Anonymous - January 29, 2020, 2:11 am
/

Anonymous - January 29, 2020, 2:11 am
/

Anonymous - January 29, 2020, 2:11 am
/

Anonymous - January 29, 2020, 2:14 am
/

Anonymous - January 29, 2020, 2:14 am
/%7B%7Bview%20url='images/icon-email-template/yt-email-template.png'%7D%7D

Anonymous - January 29, 2020, 2:14 am
/%7B%7Bview%20url='images/icon-email-template/fb-email-icon.png'%7D%7D

Anonymous - January 29, 2020, 2:14 am
/%7B%7Bview%20url='images/sosmed/line-email.jpg'%7D%7D

Anonymous - January 29, 2020, 2:14 am
/%7B%7Bview%20url='images/icon-email-template/tw-email-template.png'%7D%7D

Anonymous - January 29, 2020, 2:14 am
/%7B%7Bview%20url='images/icon-email-template/ig-email-template.png'%7D%7D

Anonymous - January 29, 2020, 2:15 am
/

Anonymous - January 29, 2020, 2:15 am
/%7B%7Bview%20url='images/sosmed/line-email.jpg'%7D%7D

Anonymous - January 29, 2020, 2:15 am
/%7B%7Bview%20url='images/icon-email-template/fb-email-icon.png'%7D%7D

Anonymous - January 29, 2020, 2:15 am
/%7B%7Bview%20url='images/icon-email-template/yt-email-template.png'%7D%7D

Anonymous - January 29, 2020, 2:15 am
/%7B%7Bview%20url='images/icon-email-template/tw-email-template.png'%7D%7D

Anonymous - January 29, 2020, 2:15 am
/%7B%7Bview%20url='images/icon-email-template/ig-email-template.png'%7D%7D

Anonymous - January 29, 2020, 2:15 am
/

Anonymous - January 29, 2020, 2:15 am
/%7B%7Bview%20url='images/icon-email-template/ig-email-template.png'%7D%7D

Anonymous - January 29, 2020, 2:15 am
/%7B%7Bview%20url='images/sosmed/line-email.jpg'%7D%7D

Anonymous - January 29, 2020, 2:15 am
/%7B%7Bview%20url='images/icon-email-template/tw-email-template.png'%7D%7D

Anonymous - January 29, 2020, 2:15 am
/%7B%7Bview%20url='images/icon-email-template/fb-email-icon.png'%7D%7D

Anonymous - January 29, 2020, 2:15 am
/php-showcase-template/showcase/%7B%7Bview%20url='images/icon-email-template/yt-email-template.png'%7D%7D

Anonymous - January 29, 2020, 2:18 am
/

Anonymous - January 29, 2020, 2:18 am
/%7B%7Bview%20url='images/icon-email-template/yt-email-template.png'%7D%7D

Anonymous - January 29, 2020, 2:18 am
/%7B%7Bview%20url='images/icon-email-template/ig-email-template.png'%7D%7D

Anonymous - January 29, 2020, 2:18 am
/%7B%7Bview%20url='images/sosmed/line-email.jpg'%7D%7D

Anonymous - January 29, 2020, 2:18 am
/%7B%7Bview%20url='images/icon-email-template/tw-email-template.png'%7D%7D

Anonymous - January 29, 2020, 2:18 am
/php-showcase-template/showcase/%7B%7Bview%20url='images/icon-email-template/fb-email-icon.png'%7D%7D

Anonymous - January 29, 2020, 2:19 am
/

Anonymous - January 29, 2020, 2:19 am
/%7B%7Bview%20url='images/icon-email-template/fb-email-icon.png'%7D%7D

Anonymous - January 29, 2020, 2:19 am
/%7B%7Bview%20url='images/icon-email-template/tw-email-template.png'%7D%7D

Anonymous - January 29, 2020, 2:19 am
/%7B%7Bview%20url='images/icon-email-template/ig-email-template.png'%7D%7D

Anonymous - January 29, 2020, 2:19 am
/%7B%7Bview%20url='images/sosmed/line-email.jpg'%7D%7D

Anonymous - January 29, 2020, 2:19 am
/php-showcase-template/showcase/%7B%7Bview%20url='images/icon-email-template/yt-email-template.png'%7D%7D

Anonymous - January 29, 2020, 2:26 am
/

Anonymous - January 29, 2020, 2:29 am
/

Anonymous - January 29, 2020, 2:30 am
/

Anonymous - January 29, 2020, 2:31 am
/

Anonymous - January 29, 2020, 2:32 am
/

Anonymous - January 29, 2020, 2:32 am
/

Anonymous - January 29, 2020, 2:33 am
/

Anonymous - January 29, 2020, 2:34 am
/

Anonymous - January 29, 2020, 2:34 am
/

Anonymous - January 29, 2020, 2:34 am
/

Anonymous - January 29, 2020, 2:35 am
/

Anonymous - January 29, 2020, 2:35 am
/

Anonymous - January 29, 2020, 2:35 am
/

Anonymous - January 29, 2020, 2:35 am
/

Anonymous - January 29, 2020, 2:45 am
/

Anonymous - January 29, 2020, 2:46 am
/

Anonymous - January 29, 2020, 2:46 am
/

Anonymous - January 29, 2020, 2:47 am
/

Anonymous - January 29, 2020, 2:47 am
/

Anonymous - January 29, 2020, 2:47 am
/

Anonymous - January 29, 2020, 2:47 am
/

Anonymous - January 29, 2020, 2:48 am
/

Anonymous - January 29, 2020, 2:48 am
/

Anonymous - January 29, 2020, 2:49 am
/

Anonymous - January 29, 2020, 2:50 am
/

Anonymous - January 29, 2020, 2:50 am
/

Anonymous - January 29, 2020, 2:51 am
/

Anonymous - January 29, 2020, 2:52 am
/

Anonymous - January 29, 2020, 2:53 am
/

Anonymous - January 29, 2020, 2:53 am
/

Anonymous - January 29, 2020, 2:54 am
/

Anonymous - January 29, 2020, 2:54 am
/

Anonymous - January 29, 2020, 2:55 am
/

Anonymous - January 29, 2020, 2:55 am
/

Anonymous - January 29, 2020, 2:55 am
/

Anonymous - January 29, 2020, 2:56 am
/

Anonymous - January 29, 2020, 2:56 am
/

Anonymous - January 29, 2020, 2:57 am
/

Anonymous - January 29, 2020, 2:57 am
/

