Anonymous - January 4, 2020, 1:03 am


Anonymous - January 4, 2020, 1:03 am
/user

Anonymous - January 4, 2020, 1:03 am
/login

Anonymous - January 4, 2020, 1:03 am


Anonymous - January 4, 2020, 1:03 am
/register

Anonymous - January 4, 2020, 1:03 am
/newregister

Anonymous - January 4, 2020, 1:03 am
/log

Anonymous - January 4, 2020, 1:03 am
/errors/404

Anonymous - January 4, 2020, 1:03 am
/errors/500

Anonymous - January 4, 2020, 1:03 am
/degree/cr

Anonymous - January 4, 2020, 1:03 am
/degree/upd

Anonymous - January 4, 2020, 1:03 am


Anonymous - January 4, 2020, 1:03 am
login

Anonymous - January 4, 2020, 1:04 am
/

Anonymous - January 4, 2020, 1:04 am
login

Anonymous - January 4, 2020, 1:06 am
/

Anonymous - January 4, 2020, 1:06 am
login

Anonymous - January 4, 2020, 1:07 am
/

Anonymous - January 4, 2020, 1:07 am
login

Anonymous - January 4, 2020, 1:07 am
/login

Anonymous - January 4, 2020, 1:07 am
views/Auth/login.php

Anonymous - January 4, 2020, 1:07 am
/views/Auth/login.

Anonymous - January 4, 2020, 1:08 am
/

Anonymous - January 4, 2020, 1:08 am
login

Anonymous - January 4, 2020, 1:09 am
/views/Auth/login.

Anonymous - January 4, 2020, 1:09 am
/

Anonymous - January 4, 2020, 1:09 am
login

Anonymous - January 4, 2020, 4:27 pm
/

Anonymous - January 4, 2020, 4:37 pm
/

Anonymous - January 4, 2020, 4:43 pm
/

Anonymous - January 4, 2020, 4:43 pm
/

Anonymous - January 4, 2020, 4:44 pm
/

Anonymous - January 4, 2020, 4:48 pm
/

Anonymous - January 4, 2020, 4:48 pm
/

Anonymous - January 4, 2020, 4:49 pm
/

Anonymous - January 4, 2020, 4:50 pm
/

Anonymous - January 4, 2020, 4:51 pm
/

Anonymous - January 4, 2020, 4:52 pm
/

Anonymous - January 4, 2020, 4:52 pm
/

Anonymous - January 4, 2020, 4:52 pm
/

Anonymous - January 4, 2020, 4:53 pm
/

Anonymous - January 4, 2020, 4:54 pm
/

Anonymous - January 4, 2020, 4:55 pm
/

Anonymous - January 4, 2020, 5:02 pm
/

Anonymous - January 4, 2020, 5:03 pm
/

Anonymous - January 4, 2020, 5:03 pm
/

