Anonymous - January 5, 2020, 12:53 pm
/

Anonymous - January 5, 2020, 12:53 pm
login

Anonymous - January 5, 2020, 1:03 pm
/

Anonymous - January 5, 2020, 1:03 pm
login

Anonymous - January 5, 2020, 1:03 pm
/publi

Anonymous - January 5, 2020, 1:03 pm
/publi

Anonymous - January 5, 2020, 1:03 pm
/publi

Anonymous - January 5, 2020, 1:04 pm
/

Anonymous - January 5, 2020, 1:04 pm
login

Anonymous - January 5, 2020, 1:04 pm
/

Anonymous - January 5, 2020, 1:04 pm
login

Anonymous - January 5, 2020, 1:04 pm
/login

Anonymous - January 5, 2020, 1:04 pm
views/Auth/login.php

Anonymous - January 5, 2020, 1:04 pm
/views/Auth/login.

