12:50 - Init parent contruct

12:55 - Init parent contruct

12:55 - Init parent contruct

12:55 - INTO PARENT CONTRUCT

12:58 - File : C:\Users\Solo\Desktop\php-Showcase-template\showcase\Framework\Database\Models\..\..\..\Database\Migrations\users.php

12:58 - Class \Showcase\Database\Migrations\users

12:59 - File : C:\Users\Solo\Desktop\php-Showcase-template\showcase\Framework\Database\Models\..\..\..\Database\Migrations\users.php

12:59 - Class \Showcase\Database\Migrations\users

12:59 - File : C:\Users\Solo\Desktop\php-Showcase-template\showcase\Framework\Database\Models\..\..\..\Database\Migrations\users.php

01:01 - File : C:\Users\Solo\Desktop\php-Showcase-template\showcase\Framework\Database\Models\..\..\..\Database\Migrations\users.php

01:01 - Table name : tabel_name

01:02 - File : C:\Users\Solo\Desktop\php-Showcase-template\showcase\Framework\Database\Models\..\..\..\Database\Migrations\users.php

01:02 - Col : , value : 0

01:02 - Col : , value : 0

01:02 - Col : , value : 0

01:03 - File : C:\Users\Solo\Desktop\php-Showcase-template\showcase\Framework\Database\Models\..\..\..\Database\Migrations\users.php

01:03 - Table users

01:03 - Col : , value : 0

01:03 - Col : , value : 0

01:03 - Col : , value : 0

01:10 - Col : , value : 0

01:10 - Col : , value : 0

01:10 - Col : , value : 0

01:11 - Col : , value : 0

01:11 - Col : , value : 0

01:11 - Col : , value : 0

03:39 - user id 3

