Anonymous - January 28, 2020, 8:22 pm
/

Anonymous - January 28, 2020, 8:35 pm
/

Anonymous - January 28, 2020, 8:35 pm
/user-space

Anonymous - January 28, 2020, 8:35 pm
/login

Anonymous - January 28, 2020, 8:35 pm
/auth

Anonymous - January 28, 2020, 8:35 pm
/register

Anonymous - January 28, 2020, 8:35 pm
/newregister

Anonymous - January 28, 2020, 8:35 pm
/logout

Anonymous - January 28, 2020, 8:35 pm
/errors/404

Anonymous - January 28, 2020, 8:35 pm
/errors/500

Anonymous - January 28, 2020, 8:35 pm
/degree/create

Anonymous - January 28, 2020, 8:35 pm
/degree/update

Anonymous - January 28, 2020, 8:35 pm
/showcase/public/

Anonymous - January 28, 2020, 8:35 pm
/

Anonymous - January 28, 2020, 8:37 pm
/

Anonymous - January 28, 2020, 8:37 pm
/user-space

Anonymous - January 28, 2020, 8:37 pm
/login

Anonymous - January 28, 2020, 8:37 pm
/auth

Anonymous - January 28, 2020, 8:37 pm
/register

Anonymous - January 28, 2020, 8:37 pm
/newregister

Anonymous - January 28, 2020, 8:37 pm
/logout

Anonymous - January 28, 2020, 8:37 pm
/errors/404

Anonymous - January 28, 2020, 8:37 pm
/errors/500

Anonymous - January 28, 2020, 8:37 pm
/degree/create

Anonymous - January 28, 2020, 8:37 pm
/degree/update

Anonymous - January 28, 2020, 8:37 pm
/showcase/public/

Anonymous - January 28, 2020, 8:37 pm
/

Anonymous - January 28, 2020, 8:38 pm
formatRoute

Anonymous - January 28, 2020, 8:38 pm
/

Anonymous - January 28, 2020, 8:38 pm
formatRoute

Anonymous - January 28, 2020, 8:38 pm
/user-space

Anonymous - January 28, 2020, 8:38 pm
formatRoute

Anonymous - January 28, 2020, 8:38 pm
/login

Anonymous - January 28, 2020, 8:38 pm
formatRoute

Anonymous - January 28, 2020, 8:38 pm
/auth

Anonymous - January 28, 2020, 8:38 pm
formatRoute

Anonymous - January 28, 2020, 8:38 pm
/register

Anonymous - January 28, 2020, 8:38 pm
formatRoute

Anonymous - January 28, 2020, 8:38 pm
/newregister

Anonymous - January 28, 2020, 8:38 pm
formatRoute

Anonymous - January 28, 2020, 8:38 pm
/logout

Anonymous - January 28, 2020, 8:38 pm
formatRoute

Anonymous - January 28, 2020, 8:38 pm
/errors/404

Anonymous - January 28, 2020, 8:38 pm
formatRoute

Anonymous - January 28, 2020, 8:38 pm
/errors/500

Anonymous - January 28, 2020, 8:38 pm
formatRoute

Anonymous - January 28, 2020, 8:38 pm
/degree/create

Anonymous - January 28, 2020, 8:38 pm
formatRoute

Anonymous - January 28, 2020, 8:38 pm
/degree/update

Anonymous - January 28, 2020, 8:38 pm
formatRoute

Anonymous - January 28, 2020, 8:38 pm
/showcase/public/

Anonymous - January 28, 2020, 8:38 pm
resolve

Anonymous - January 28, 2020, 8:38 pm
/

Anonymous - January 28, 2020, 8:58 pm
formatRoute

Anonymous - January 28, 2020, 8:58 pm
/

Anonymous - January 28, 2020, 8:58 pm
formatRoute

Anonymous - January 28, 2020, 8:58 pm
/user-space

Anonymous - January 28, 2020, 8:58 pm
formatRoute

Anonymous - January 28, 2020, 8:58 pm
/login

Anonymous - January 28, 2020, 8:58 pm
formatRoute

Anonymous - January 28, 2020, 8:58 pm
/auth

Anonymous - January 28, 2020, 8:58 pm
formatRoute

Anonymous - January 28, 2020, 8:58 pm
/register

Anonymous - January 28, 2020, 8:58 pm
formatRoute

Anonymous - January 28, 2020, 8:58 pm
/newregister

Anonymous - January 28, 2020, 8:58 pm
formatRoute

Anonymous - January 28, 2020, 8:58 pm
/logout

Anonymous - January 28, 2020, 8:58 pm
formatRoute

Anonymous - January 28, 2020, 8:58 pm
/errors/404

Anonymous - January 28, 2020, 8:58 pm
formatRoute

Anonymous - January 28, 2020, 8:58 pm
/errors/500

Anonymous - January 28, 2020, 8:58 pm
formatRoute

Anonymous - January 28, 2020, 8:58 pm
/degree/create

Anonymous - January 28, 2020, 8:58 pm
formatRoute

Anonymous - January 28, 2020, 8:58 pm
/degree/update

Anonymous - January 28, 2020, 8:58 pm
formatRoute

Anonymous - January 28, 2020, 8:58 pm
/showcase/public/

Anonymous - January 28, 2020, 8:58 pm
resolve

Anonymous - January 28, 2020, 8:58 pm
/

Anonymous - January 28, 2020, 9:02 pm
formatRoute

Anonymous - January 28, 2020, 9:02 pm
/

Anonymous - January 28, 2020, 9:02 pm
formatRoute

Anonymous - January 28, 2020, 9:02 pm
/user-space

Anonymous - January 28, 2020, 9:02 pm
formatRoute

Anonymous - January 28, 2020, 9:02 pm
/login

Anonymous - January 28, 2020, 9:02 pm
formatRoute

Anonymous - January 28, 2020, 9:02 pm
/auth

Anonymous - January 28, 2020, 9:02 pm
formatRoute

Anonymous - January 28, 2020, 9:02 pm
/register

Anonymous - January 28, 2020, 9:02 pm
formatRoute

Anonymous - January 28, 2020, 9:02 pm
/newregister

Anonymous - January 28, 2020, 9:02 pm
formatRoute

Anonymous - January 28, 2020, 9:02 pm
/logout

Anonymous - January 28, 2020, 9:02 pm
formatRoute

Anonymous - January 28, 2020, 9:02 pm
/errors/404

Anonymous - January 28, 2020, 9:02 pm
formatRoute

Anonymous - January 28, 2020, 9:02 pm
/errors/500

Anonymous - January 28, 2020, 9:02 pm
formatRoute

Anonymous - January 28, 2020, 9:02 pm
/degree/create

Anonymous - January 28, 2020, 9:02 pm
formatRoute

Anonymous - January 28, 2020, 9:02 pm
/degree/update

Anonymous - January 28, 2020, 9:02 pm
formatRoute

Anonymous - January 28, 2020, 9:02 pm
/showcase/public/

Anonymous - January 28, 2020, 9:02 pm
resolve

Anonymous - January 28, 2020, 9:02 pm
/

Anonymous - January 28, 2020, 9:03 pm
formatRoute

Anonymous - January 28, 2020, 9:03 pm
/

Anonymous - January 28, 2020, 9:03 pm
formatRoute

Anonymous - January 28, 2020, 9:03 pm
/user-space

Anonymous - January 28, 2020, 9:03 pm
formatRoute

Anonymous - January 28, 2020, 9:03 pm
/login

Anonymous - January 28, 2020, 9:03 pm
formatRoute

Anonymous - January 28, 2020, 9:03 pm
/auth

Anonymous - January 28, 2020, 9:03 pm
formatRoute

Anonymous - January 28, 2020, 9:03 pm
/register

Anonymous - January 28, 2020, 9:03 pm
formatRoute

Anonymous - January 28, 2020, 9:03 pm
/newregister

Anonymous - January 28, 2020, 9:03 pm
formatRoute

Anonymous - January 28, 2020, 9:03 pm
/logout

Anonymous - January 28, 2020, 9:03 pm
formatRoute

Anonymous - January 28, 2020, 9:03 pm
/errors/404

Anonymous - January 28, 2020, 9:03 pm
formatRoute

Anonymous - January 28, 2020, 9:03 pm
/errors/500

Anonymous - January 28, 2020, 9:03 pm
formatRoute

Anonymous - January 28, 2020, 9:03 pm
/degree/create

Anonymous - January 28, 2020, 9:03 pm
formatRoute

Anonymous - January 28, 2020, 9:03 pm
/degree/update

Anonymous - January 28, 2020, 9:03 pm
formatRoute

Anonymous - January 28, 2020, 9:03 pm
/showcase/public/

Anonymous - January 28, 2020, 9:03 pm
resolve

Anonymous - January 28, 2020, 9:03 pm
/

Anonymous - January 28, 2020, 9:04 pm
formatRoute

Anonymous - January 28, 2020, 9:04 pm
/

Anonymous - January 28, 2020, 9:04 pm
formatRoute

Anonymous - January 28, 2020, 9:04 pm
/user-space

Anonymous - January 28, 2020, 9:04 pm
formatRoute

Anonymous - January 28, 2020, 9:04 pm
/login

Anonymous - January 28, 2020, 9:04 pm
formatRoute

Anonymous - January 28, 2020, 9:04 pm
/auth

Anonymous - January 28, 2020, 9:04 pm
formatRoute

Anonymous - January 28, 2020, 9:04 pm
/register

Anonymous - January 28, 2020, 9:04 pm
formatRoute

Anonymous - January 28, 2020, 9:04 pm
/newregister

Anonymous - January 28, 2020, 9:04 pm
formatRoute

Anonymous - January 28, 2020, 9:04 pm
/logout

Anonymous - January 28, 2020, 9:04 pm
formatRoute

Anonymous - January 28, 2020, 9:04 pm
/errors/404

Anonymous - January 28, 2020, 9:04 pm
formatRoute

Anonymous - January 28, 2020, 9:04 pm
/errors/500

Anonymous - January 28, 2020, 9:04 pm
formatRoute

Anonymous - January 28, 2020, 9:04 pm
/degree/create

Anonymous - January 28, 2020, 9:04 pm
formatRoute

Anonymous - January 28, 2020, 9:04 pm
/degree/update

Anonymous - January 28, 2020, 9:04 pm
formatRoute

Anonymous - January 28, 2020, 9:04 pm
/showcase/public/

Anonymous - January 28, 2020, 9:04 pm
resolve

Anonymous - January 28, 2020, 9:04 pm
/

Anonymous - January 28, 2020, 9:04 pm
formatRoute

Anonymous - January 28, 2020, 9:04 pm
/

Anonymous - January 28, 2020, 9:04 pm
formatRoute

Anonymous - January 28, 2020, 9:04 pm
/user-space

Anonymous - January 28, 2020, 9:04 pm
formatRoute

Anonymous - January 28, 2020, 9:04 pm
/login

Anonymous - January 28, 2020, 9:04 pm
formatRoute

Anonymous - January 28, 2020, 9:04 pm
/auth

Anonymous - January 28, 2020, 9:04 pm
formatRoute

Anonymous - January 28, 2020, 9:04 pm
/register

Anonymous - January 28, 2020, 9:04 pm
formatRoute

Anonymous - January 28, 2020, 9:04 pm
/newregister

Anonymous - January 28, 2020, 9:04 pm
formatRoute

Anonymous - January 28, 2020, 9:04 pm
/logout

Anonymous - January 28, 2020, 9:04 pm
formatRoute

Anonymous - January 28, 2020, 9:04 pm
/errors/404

Anonymous - January 28, 2020, 9:04 pm
formatRoute

Anonymous - January 28, 2020, 9:04 pm
/errors/500

Anonymous - January 28, 2020, 9:04 pm
formatRoute

Anonymous - January 28, 2020, 9:04 pm
/degree/create

Anonymous - January 28, 2020, 9:04 pm
formatRoute

Anonymous - January 28, 2020, 9:04 pm
/degree/update

Anonymous - January 28, 2020, 9:04 pm
formatRoute

Anonymous - January 28, 2020, 9:04 pm
/showcase/public/

Anonymous - January 28, 2020, 9:04 pm
resolve

Anonymous - January 28, 2020, 9:04 pm
/

Anonymous - January 28, 2020, 9:06 pm
formatRoute

Anonymous - January 28, 2020, 9:06 pm
/

Anonymous - January 28, 2020, 9:06 pm
formatRoute

Anonymous - January 28, 2020, 9:06 pm
/user-space

Anonymous - January 28, 2020, 9:06 pm
formatRoute

Anonymous - January 28, 2020, 9:06 pm
/login

Anonymous - January 28, 2020, 9:06 pm
formatRoute

Anonymous - January 28, 2020, 9:06 pm
/auth

Anonymous - January 28, 2020, 9:06 pm
formatRoute

Anonymous - January 28, 2020, 9:06 pm
/register

Anonymous - January 28, 2020, 9:06 pm
formatRoute

Anonymous - January 28, 2020, 9:06 pm
/newregister

Anonymous - January 28, 2020, 9:06 pm
formatRoute

Anonymous - January 28, 2020, 9:06 pm
/logout

Anonymous - January 28, 2020, 9:06 pm
formatRoute

Anonymous - January 28, 2020, 9:06 pm
/errors/404

Anonymous - January 28, 2020, 9:06 pm
formatRoute

Anonymous - January 28, 2020, 9:06 pm
/errors/500

Anonymous - January 28, 2020, 9:06 pm
formatRoute

Anonymous - January 28, 2020, 9:06 pm
/degree/create

Anonymous - January 28, 2020, 9:06 pm
formatRoute

Anonymous - January 28, 2020, 9:06 pm
/degree/update

Anonymous - January 28, 2020, 9:06 pm
formatRoute

Anonymous - January 28, 2020, 9:06 pm
/showcase/public/

Anonymous - January 28, 2020, 9:06 pm
resolve

Anonymous - January 28, 2020, 9:06 pm
/

